[debug] [2019-04-18T23:01:41.932Z] ----------------------------------------------------------------------
[debug] [2019-04-18T23:01:41.935Z] Command:       /usr/local/bin/node /usr/local/bin/firebase serve --only functions
[debug] [2019-04-18T23:01:41.935Z] CLI Version:   6.6.0
[debug] [2019-04-18T23:01:41.935Z] Platform:      darwin
[debug] [2019-04-18T23:01:41.935Z] Node Version:  v8.11.1
[debug] [2019-04-18T23:01:41.936Z] Time:          Fri Apr 19 2019 00:01:41 GMT+0100 (BST)
[debug] [2019-04-18T23:01:41.936Z] ----------------------------------------------------------------------
[debug] 
[debug] [2019-04-18T23:01:41.946Z] > command requires scopes: ["email","openid","https://www.googleapis.com/auth/cloudplatformprojects.readonly","https://www.googleapis.com/auth/firebase","https://www.googleapis.com/auth/cloud-platform"]
[debug] [2019-04-18T23:01:41.947Z] > authorizing via signed-in user
[debug] [2019-04-18T23:01:41.947Z] [iam] checking project splitsbrowser-b5948 for permissions ["firebase.projects.get"]
[debug] [2019-04-18T23:01:41.949Z] >>> HTTP REQUEST POST https://cloudresourcemanager.googleapis.com/v1/projects/splitsbrowser-b5948:testIamPermissions  

[debug] [2019-04-18T23:01:42.990Z] <<< HTTP RESPONSE 200
[debug] [2019-04-18T23:01:42.993Z] >>> HTTP REQUEST GET https://cloudresourcemanager.googleapis.com/v1/projects/splitsbrowser-b5948  
 
[debug] [2019-04-18T23:01:43.701Z] <<< HTTP RESPONSE 200
[info] 
[info] === Serving from '/Users/user/Documents/workspace/splitsbrowser'...
[info] 
[debug] [2019-04-18T23:01:44.787Z] Error: EACCES: permission denied, mkdir '/usr/local/lib/node_modules/firebase-tools/node_modules/@google-cloud/functions-emulator/logs'
    at Object.fs.mkdirSync (fs.js:885:18)
    at Object.assertLogsPath (/usr/local/lib/node_modules/firebase-tools/node_modules/@google-cloud/functions-emulator/src/emulator/logs.js:65:10)
    at new Controller (/usr/local/lib/node_modules/firebase-tools/node_modules/@google-cloud/functions-emulator/src/cli/controller.js:77:32)
    at FunctionsEmulator.start (/usr/local/lib/node_modules/firebase-tools/lib/functionsEmulator.js:102:23)
    at Object.start (/usr/local/lib/node_modules/firebase-tools/lib/serve/functions.js:7:33)
    at /usr/local/lib/node_modules/firebase-tools/lib/serve/index.js:15:23
    at arrayMap (/usr/local/lib/node_modules/firebase-tools/node_modules/lodash/lodash.js:639:23)
    at Function.map (/usr/local/lib/node_modules/firebase-tools/node_modules/lodash/lodash.js:9556:14)
    at _serve (/usr/local/lib/node_modules/firebase-tools/lib/serve/index.js:13:26)
    at Command.module.exports.Command.description.option.option.option.option.before.action [as _action] (/usr/local/lib/node_modules/firebase-tools/lib/commands/serve.js:55:12)
[error] 
[error] Error: An unexpected error has occurred.
